<?xml version="1.0" encoding="UTF-8"?>
<!-- Generated by org.testng.reporters.JUnitReportReporter -->
<testsuite hostname="HYD-LAP-00651" failures="0" tests="4" name="api.Test.UserTests2" time="6.034" errors="0" timestamp="2024-03-26T11:56:45 IST" skipped="0">
  <testcase classname="api.Test.UserTests2" name="testPostUser" time="3.317"/>
  <testcase classname="api.Test.UserTests2" name="testGetUser" time="0.876"/>
  <testcase classname="api.Test.UserTests2" name="testUpdateUser" time="0.855"/>
  <testcase classname="api.Test.UserTests2" name="testDeleteUser" time="0.986"/>
</testsuite> <!-- api.Test.UserTests2 -->
