<?xml version="1.0" encoding="UTF-8"?>
<!-- Generated by org.testng.reporters.JUnitReportReporter -->
<testsuite hostname="HYD-LAP-00651" failures="0" tests="4" name="api.Test.UserTests2" time="7.177" errors="0" timestamp="2024-03-26T16:47:43 IST" skipped="0">
  <testcase classname="api.Test.UserTests2" name="testPostUser" time="4.232"/>
  <testcase classname="api.Test.UserTests2" name="testGetUser" time="1.112"/>
  <testcase classname="api.Test.UserTests2" name="testUpdateUser" time="1.054"/>
  <testcase classname="api.Test.UserTests2" name="testDeleteUser" time="0.779"/>
</testsuite> <!-- api.Test.UserTests2 -->
